# JRE version: OpenJDK Runtime Environment Microsoft-10800295 (17.0.14+7) (build 17.0.14+7-LTS)
# Java VM: OpenJDK 64-Bit Server VM Microsoft-10800295 (17.0.14+7-LTS, mixed mode, sharing, tiered, compressed oops, compressed class ptrs, g1 gc, windows-amd64)
GC Precious Log:
 CPUs: 8 total, 8 available
 Memory: 16227M
 Large Page Support: Disabled
 NUMA Support: Disabled
 Compressed Oops: Enabled (32-bit)
 Heap Region Size: 1M
 Heap Min Capacity: 8M
 Heap Initial Capacity: 254M
 Heap Max Capacity: 2G
 Pre-touch: Disabled
 Parallel Workers: 8
 Concurrent Workers: 2
 Concurrent Refinement Workers: 8
 Periodic GC: Disabled
Heap:
 garbage-first heap   total 312320K, used 263992K [0x0000000080000000, 0x0000000100000000)
  region size 1024K, 2 young (2048K), 2 survivors (2048K)
 Metaspace       used 121927K, committed 123456K, reserved 557056K
  class space    used 16629K, committed 17344K, reserved 425984K
GC Heap History (20 events):
Event: 1412.947 GC heap after
{Heap after GC invocations=73 (full 0):
 garbage-first heap   total 312320K, used 240190K [0x0000000080000000, 0x0000000100000000)
  region size 1024K, 2 young (2048K), 2 survivors (2048K)
 Metaspace       used 120845K, committed 122304K, reserved 557056K
  class space    used 16550K, committed 17216K, reserved 425984K
}
Event: 4377.153 GC heap before
{Heap before GC invocations=73 (full 0):
 garbage-first heap   total 312320K, used 273982K [0x0000000080000000, 0x0000000100000000)
  region size 1024K, 35 young (35840K), 2 survivors (2048K)
 Metaspace       used 120895K, committed 122304K, reserved 557056K
  class space    used 16550K, committed 17216K, reserved 425984K
}
Event: 4377.156 GC heap after
{Heap after GC invocations=74 (full 0):
 garbage-first heap   total 312320K, used 240094K [0x0000000080000000, 0x0000000100000000)
  region size 1024K, 2 young (2048K), 2 survivors (2048K)
 Metaspace       used 120895K, committed 122304K, reserved 557056K
  class space    used 16550K, committed 17216K, reserved 425984K
}
Event: 4953.088 GC heap before
{Heap before GC invocations=74 (full 0):
 garbage-first heap   total 312320K, used 273886K [0x0000000080000000, 0x0000000100000000)
  region size 1024K, 35 young (35840K), 2 survivors (2048K)
 Metaspace       used 120904K, committed 122304K, reserved 557056K
  class space    used 16550K, committed 17216K, reserved 425984K
}
Event: 4953.092 GC heap after
{Heap after GC invocations=75 (full 0):
 garbage-first heap   total 312320K, used 240057K [0x0000000080000000, 0x0000000100000000)
  region size 1024K, 2 young (2048K), 2 survivors (2048K)
 Metaspace       used 120904K, committed 122304K, reserved 557056K
  class space    used 16550K, committed 17216K, reserved 425984K
}
Event: 5127.233 GC heap before
{Heap before GC invocations=75 (full 0):
 garbage-first heap   total 312320K, used 274873K [0x0000000080000000, 0x0000000100000000)
  region size 1024K, 36 young (36864K), 2 survivors (2048K)
 Metaspace       used 120961K, committed 122368K, reserved 557056K
  class space    used 16555K, committed 17216K, reserved 425984K
}
Event: 5127.238 GC heap after
{Heap after GC invocations=76 (full 0):
 garbage-first heap   total 312320K, used 241171K [0x0000000080000000, 0x0000000100000000)
  region size 1024K, 3 young (3072K), 3 survivors (3072K)
 Metaspace       used 120961K, committed 122368K, reserved 557056K
  class space    used 16555K, committed 17216K, reserved 425984K
}
Event: 5128.170 GC heap before
{Heap before GC invocations=76 (full 0):
 garbage-first heap   total 312320K, used 274963K [0x0000000080000000, 0x0000000100000000)
  region size 1024K, 36 young (36864K), 3 survivors (3072K)
 Metaspace       used 121362K, committed 122816K, reserved 557056K
  class space    used 16590K, committed 17280K, reserved 425984K
}
Event: 5128.186 GC heap after
{Heap after GC invocations=77 (full 0):
 garbage-first heap   total 312320K, used 245422K [0x0000000080000000, 0x0000000100000000)
  region size 1024K, 5 young (5120K), 5 survivors (5120K)
 Metaspace       used 121362K, committed 122816K, reserved 557056K
  class space    used 16590K, committed 17280K, reserved 425984K
}
Event: 5128.614 GC heap before
{Heap before GC invocations=77 (full 0):
 garbage-first heap   total 312320K, used 273070K [0x0000000080000000, 0x0000000100000000)
  region size 1024K, 33 young (33792K), 5 survivors (5120K)
 Metaspace       used 121457K, committed 122944K, reserved 557056K
  class space    used 16597K, committed 17280K, reserved 425984K
}
Event: 5128.634 GC heap after
{Heap after GC invocations=78 (full 0):
 garbage-first heap   total 312320K, used 248936K [0x0000000080000000, 0x0000000100000000)
  region size 1024K, 4 young (4096K), 4 survivors (4096K)
 Metaspace       used 121457K, committed 122944K, reserved 557056K
  class space    used 16597K, committed 17280K, reserved 425984K
}
Event: 5129.263 GC heap before
{Heap before GC invocations=78 (full 0):
 garbage-first heap   total 312320K, used 272488K [0x0000000080000000, 0x0000000100000000)
  region size 1024K, 28 young (28672K), 4 survivors (4096K)
 Metaspace       used 121632K, committed 123136K, reserved 557056K
  class space    used 16603K, committed 17280K, reserved 425984K
}
Event: 5129.275 GC heap after
{Heap after GC invocations=79 (full 0):
 garbage-first heap   total 312320K, used 252928K [0x0000000080000000, 0x0000000100000000)
  region size 1024K, 4 young (4096K), 4 survivors (4096K)
 Metaspace       used 121632K, committed 123136K, reserved 557056K
  class space    used 16603K, committed 17280K, reserved 425984K
}
Event: 5129.686 GC heap before
{Heap before GC invocations=79 (full 0):
 garbage-first heap   total 312320K, used 272384K [0x0000000080000000, 0x0000000100000000)
  region size 1024K, 24 young (24576K), 4 survivors (4096K)
 Metaspace       used 121815K, committed 123328K, reserved 557056K
  class space    used 16620K, committed 17344K, reserved 425984K
}
Event: 5129.699 GC heap after
{Heap after GC invocations=80 (full 0):
 garbage-first heap   total 312320K, used 256760K [0x0000000080000000, 0x0000000100000000)
  region size 1024K, 3 young (3072K), 3 survivors (3072K)
 Metaspace       used 121815K, committed 123328K, reserved 557056K
  class space    used 16620K, committed 17344K, reserved 425984K
}
Event: 5129.893 GC heap before
{Heap before GC invocations=80 (full 0):
 garbage-first heap   total 312320K, used 273144K [0x0000000080000000, 0x0000000100000000)
  region size 1024K, 19 young (19456K), 3 survivors (3072K)
 Metaspace       used 121858K, committed 123392K, reserved 557056K
  class space    used 16625K, committed 17344K, reserved 425984K
}
Event: 5129.905 GC heap after
{Heap after GC invocations=81 (full 0):
 garbage-first heap   total 312320K, used 260198K [0x0000000080000000, 0x0000000100000000)
  region size 1024K, 3 young (3072K), 3 survivors (3072K)
 Metaspace       used 121858K, committed 123392K, reserved 557056K
  class space    used 16625K, committed 17344K, reserved 425984K
}
Event: 5130.014 GC heap before
{Heap before GC invocations=81 (full 0):
 garbage-first heap   total 312320K, used 273510K [0x0000000080000000, 0x0000000100000000)
  region size 1024K, 16 young (16384K), 3 survivors (3072K)
 Metaspace       used 121862K, committed 123392K, reserved 557056K
  class space    used 16625K, committed 17344K, reserved 425984K
}
Event: 5130.027 GC heap after
{Heap after GC invocations=82 (full 0):
 garbage-first heap   total 312320K, used 261294K [0x0000000080000000, 0x0000000100000000)
  region size 1024K, 2 young (2048K), 2 survivors (2048K)
 Metaspace       used 121862K, committed 123392K, reserved 557056K
  class space    used 16625K, committed 17344K, reserved 425984K
}
Event: 5130.249 GC heap before
{Heap before GC invocations=82 (full 0):
 garbage-first heap   total 312320K, used 274606K [0x0000000080000000, 0x0000000100000000)
  region size 1024K, 15 young (15360K), 2 survivors (2048K)
 Metaspace       used 121927K, committed 123456K, reserved 557056K
  class space    used 16629K, committed 17344K, reserved 425984K
}

