# JRE version: OpenJDK Runtime Environment Microsoft-10800295 (17.0.14+7) (build 17.0.14+7-LTS)
# Java VM: OpenJDK 64-Bit Server VM Microsoft-10800295 (17.0.14+7-LTS, mixed mode, sharing, tiered, compressed oops, compressed class ptrs, g1 gc, windows-amd64)
GC Precious Log:
 CPUs: 8 total, 8 available
 Memory: 16227M
 Large Page Support: Disabled
 NUMA Support: Disabled
 Compressed Oops: Enabled (32-bit)
 Heap Region Size: 1M
 Heap Min Capacity: 8M
 Heap Initial Capacity: 254M
 Heap Max Capacity: 2G
 Pre-touch: Disabled
 Parallel Workers: 8
 Concurrent Workers: 2
 Concurrent Refinement Workers: 8
 Periodic GC: Disabled
Heap:
 garbage-first heap   total 365568K, used 292868K [0x0000000080000000, 0x0000000100000000)
  region size 1024K, 78 young (79872K), 10 survivors (10240K)
 Metaspace       used 117446K, committed 118784K, reserved 557056K
  class space    used 16213K, committed 16832K, reserved 425984K
GC Heap History (20 events):
Event: 35.572 GC heap before
{Heap before GC invocations=43 (full 0):
 garbage-first heap   total 296960K, used 244414K [0x0000000080000000, 0x0000000100000000)
  region size 1024K, 72 young (73728K), 9 survivors (9216K)
 Metaspace       used 105389K, committed 106496K, reserved 557056K
  class space    used 14668K, committed 15168K, reserved 425984K
}
Event: 35.587 GC heap after
{Heap after GC invocations=44 (full 0):
 garbage-first heap   total 296960K, used 187925K [0x0000000080000000, 0x0000000100000000)
  region size 1024K, 8 young (8192K), 8 survivors (8192K)
 Metaspace       used 105389K, committed 106496K, reserved 557056K
  class space    used 14668K, committed 15168K, reserved 425984K
}
Event: 36.974 GC heap before
{Heap before GC invocations=45 (full 0):
 garbage-first heap   total 336896K, used 243221K [0x0000000080000000, 0x0000000100000000)
  region size 1024K, 62 young (63488K), 8 survivors (8192K)
 Metaspace       used 109680K, committed 110912K, reserved 557056K
  class space    used 15334K, committed 15936K, reserved 425984K
}
Event: 36.986 GC heap after
{Heap after GC invocations=46 (full 0):
 garbage-first heap   total 336896K, used 191341K [0x0000000080000000, 0x0000000100000000)
  region size 1024K, 4 young (4096K), 4 survivors (4096K)
 Metaspace       used 109680K, committed 110912K, reserved 557056K
  class space    used 15334K, committed 15936K, reserved 425984K
}
Event: 37.214 GC heap before
{Heap before GC invocations=46 (full 0):
 garbage-first heap   total 336896K, used 203629K [0x0000000080000000, 0x0000000100000000)
  region size 1024K, 16 young (16384K), 4 survivors (4096K)
 Metaspace       used 110416K, committed 111616K, reserved 557056K
  class space    used 15423K, committed 16000K, reserved 425984K
}
Event: 37.229 GC heap after
{Heap after GC invocations=47 (full 0):
 garbage-first heap   total 336896K, used 189388K [0x0000000080000000, 0x0000000100000000)
  region size 1024K, 2 young (2048K), 2 survivors (2048K)
 Metaspace       used 110416K, committed 111616K, reserved 557056K
  class space    used 15423K, committed 16000K, reserved 425984K
}
Event: 38.889 GC heap before
{Heap before GC invocations=47 (full 0):
 garbage-first heap   total 336896K, used 278476K [0x0000000080000000, 0x0000000100000000)
  region size 1024K, 89 young (91136K), 2 survivors (2048K)
 Metaspace       used 112491K, committed 113728K, reserved 557056K
  class space    used 15676K, committed 16256K, reserved 425984K
}
Event: 38.905 GC heap after
{Heap after GC invocations=48 (full 0):
 garbage-first heap   total 336896K, used 199482K [0x0000000080000000, 0x0000000100000000)
  region size 1024K, 12 young (12288K), 12 survivors (12288K)
 Metaspace       used 112491K, committed 113728K, reserved 557056K
  class space    used 15676K, committed 16256K, reserved 425984K
}
Event: 39.755 GC heap before
{Heap before GC invocations=49 (full 0):
 garbage-first heap   total 365568K, used 274234K [0x0000000080000000, 0x0000000100000000)
  region size 1024K, 86 young (88064K), 12 survivors (12288K)
 Metaspace       used 113267K, committed 114560K, reserved 557056K
  class space    used 15787K, committed 16384K, reserved 425984K
}
Event: 39.778 GC heap after
{Heap after GC invocations=50 (full 0):
 garbage-first heap   total 365568K, used 206968K [0x0000000080000000, 0x0000000100000000)
  region size 1024K, 8 young (8192K), 8 survivors (8192K)
 Metaspace       used 113267K, committed 114560K, reserved 557056K
  class space    used 15787K, committed 16384K, reserved 425984K
}
Event: 39.818 GC heap before
{Heap before GC invocations=50 (full 0):
 garbage-first heap   total 365568K, used 215160K [0x0000000080000000, 0x0000000100000000)
  region size 1024K, 17 young (17408K), 8 survivors (8192K)
 Metaspace       used 113268K, committed 114560K, reserved 557056K
  class space    used 15787K, committed 16384K, reserved 425984K
}
Event: 39.831 GC heap after
{Heap after GC invocations=51 (full 0):
 garbage-first heap   total 365568K, used 205976K [0x0000000080000000, 0x0000000100000000)
  region size 1024K, 3 young (3072K), 3 survivors (3072K)
 Metaspace       used 113268K, committed 114560K, reserved 557056K
  class space    used 15787K, committed 16384K, reserved 425984K
}
Event: 40.691 GC heap before
{Heap before GC invocations=51 (full 0):
 garbage-first heap   total 365568K, used 299160K [0x0000000080000000, 0x0000000100000000)
  region size 1024K, 95 young (97280K), 3 survivors (3072K)
 Metaspace       used 113370K, committed 114624K, reserved 557056K
  class space    used 15793K, committed 16384K, reserved 425984K
}
Event: 40.700 GC heap after
{Heap after GC invocations=52 (full 0):
 garbage-first heap   total 365568K, used 210148K [0x0000000080000000, 0x0000000100000000)
  region size 1024K, 7 young (7168K), 7 survivors (7168K)
 Metaspace       used 113370K, committed 114624K, reserved 557056K
  class space    used 15793K, committed 16384K, reserved 425984K
}
Event: 41.305 GC heap before
{Heap before GC invocations=52 (full 0):
 garbage-first heap   total 365568K, used 301284K [0x0000000080000000, 0x0000000100000000)
  region size 1024K, 97 young (99328K), 7 survivors (7168K)
 Metaspace       used 113538K, committed 114880K, reserved 557056K
  class space    used 15813K, committed 16448K, reserved 425984K
}
Event: 41.315 GC heap after
{Heap after GC invocations=53 (full 0):
 garbage-first heap   total 365568K, used 213259K [0x0000000080000000, 0x0000000100000000)
  region size 1024K, 10 young (10240K), 10 survivors (10240K)
 Metaspace       used 113538K, committed 114880K, reserved 557056K
  class space    used 15813K, committed 16448K, reserved 425984K
}
Event: 42.250 GC heap before
{Heap before GC invocations=53 (full 0):
 garbage-first heap   total 365568K, used 303371K [0x0000000080000000, 0x0000000100000000)
  region size 1024K, 99 young (101376K), 10 survivors (10240K)
 Metaspace       used 113808K, committed 115136K, reserved 557056K
  class space    used 15832K, committed 16448K, reserved 425984K
}
Event: 42.266 GC heap after
{Heap after GC invocations=54 (full 0):
 garbage-first heap   total 365568K, used 217626K [0x0000000080000000, 0x0000000100000000)
  region size 1024K, 10 young (10240K), 10 survivors (10240K)
 Metaspace       used 113808K, committed 115136K, reserved 557056K
  class space    used 15832K, committed 16448K, reserved 425984K
}
Event: 42.735 GC heap before
{Heap before GC invocations=54 (full 0):
 garbage-first heap   total 365568K, used 305690K [0x0000000080000000, 0x0000000100000000)
  region size 1024K, 97 young (99328K), 10 survivors (10240K)
 Metaspace       used 113863K, committed 115136K, reserved 557056K
  class space    used 15842K, committed 16448K, reserved 425984K
}
Event: 42.747 GC heap after
{Heap after GC invocations=55 (full 0):
 garbage-first heap   total 365568K, used 220164K [0x0000000080000000, 0x0000000100000000)
  region size 1024K, 10 young (10240K), 10 survivors (10240K)
 Metaspace       used 113863K, committed 115136K, reserved 557056K
  class space    used 15842K, committed 16448K, reserved 425984K
}

