# JRE version: OpenJDK Runtime Environment Microsoft-10800295 (17.0.14+7) (build 17.0.14+7-LTS)
# Java VM: OpenJDK 64-Bit Server VM Microsoft-10800295 (17.0.14+7-LTS, mixed mode, sharing, tiered, compressed oops, compressed class ptrs, g1 gc, windows-amd64)
GC Precious Log:
 CPUs: 8 total, 8 available
 Memory: 16227M
 Large Page Support: Disabled
 NUMA Support: Disabled
 Compressed Oops: Enabled (32-bit)
 Heap Region Size: 1M
 Heap Min Capacity: 8M
 Heap Initial Capacity: 254M
 Heap Max Capacity: 2G
 Pre-touch: Disabled
 Parallel Workers: 8
 Concurrent Workers: 2
 Concurrent Refinement Workers: 8
 Periodic GC: Disabled
Heap:
 garbage-first heap   total 380928K, used 317141K [0x0000000080000000, 0x0000000100000000)
  region size 1024K, 90 young (92160K), 5 survivors (5120K)
 Metaspace       used 117951K, committed 119296K, reserved 557056K
  class space    used 16219K, committed 16832K, reserved 425984K
GC Heap History (20 events):
Event: 36.546 GC heap before
{Heap before GC invocations=56 (full 0):
 garbage-first heap   total 317440K, used 261683K [0x0000000080000000, 0x0000000100000000)
  region size 1024K, 79 young (80896K), 10 survivors (10240K)
 Metaspace       used 112004K, committed 113280K, reserved 557056K
  class space    used 15573K, committed 16128K, reserved 425984K
}
Event: 36.564 GC heap after
{Heap after GC invocations=57 (full 0):
 garbage-first heap   total 317440K, used 199260K [0x0000000080000000, 0x0000000100000000)
  region size 1024K, 9 young (9216K), 9 survivors (9216K)
 Metaspace       used 112004K, committed 113280K, reserved 557056K
  class space    used 15573K, committed 16128K, reserved 425984K
}
Event: 37.670 GC heap before
{Heap before GC invocations=57 (full 0):
 garbage-first heap   total 317440K, used 262748K [0x0000000080000000, 0x0000000100000000)
  region size 1024K, 71 young (72704K), 9 survivors (9216K)
 Metaspace       used 113281K, committed 114560K, reserved 557056K
  class space    used 15721K, committed 16320K, reserved 425984K
}
Event: 37.685 GC heap after
{Heap after GC invocations=58 (full 0):
 garbage-first heap   total 317440K, used 206158K [0x0000000080000000, 0x0000000100000000)
  region size 1024K, 8 young (8192K), 8 survivors (8192K)
 Metaspace       used 113281K, committed 114560K, reserved 557056K
  class space    used 15721K, committed 16320K, reserved 425984K
}
Event: 38.247 GC heap before
{Heap before GC invocations=58 (full 0):
 garbage-first heap   total 317440K, used 263502K [0x0000000080000000, 0x0000000100000000)
  region size 1024K, 65 young (66560K), 8 survivors (8192K)
 Metaspace       used 113701K, committed 115008K, reserved 557056K
  class space    used 15783K, committed 16384K, reserved 425984K
}
Event: 38.260 GC heap after
{Heap after GC invocations=59 (full 0):
 garbage-first heap   total 317440K, used 211457K [0x0000000080000000, 0x0000000100000000)
  region size 1024K, 6 young (6144K), 6 survivors (6144K)
 Metaspace       used 113701K, committed 115008K, reserved 557056K
  class space    used 15783K, committed 16384K, reserved 425984K
}
Event: 38.585 GC heap before
{Heap before GC invocations=59 (full 0):
 garbage-first heap   total 317440K, used 266753K [0x0000000080000000, 0x0000000100000000)
  region size 1024K, 61 young (62464K), 6 survivors (6144K)
 Metaspace       used 113702K, committed 115008K, reserved 557056K
  class space    used 15783K, committed 16384K, reserved 425984K
}
Event: 38.593 GC heap after
{Heap after GC invocations=60 (full 0):
 garbage-first heap   total 317440K, used 213381K [0x0000000080000000, 0x0000000100000000)
  region size 1024K, 5 young (5120K), 5 survivors (5120K)
 Metaspace       used 113702K, committed 115008K, reserved 557056K
  class space    used 15783K, committed 16384K, reserved 425984K
}
Event: 39.185 GC heap before
{Heap before GC invocations=60 (full 0):
 garbage-first heap   total 317440K, used 267653K [0x0000000080000000, 0x0000000100000000)
  region size 1024K, 59 young (60416K), 5 survivors (5120K)
 Metaspace       used 113810K, committed 115136K, reserved 557056K
  class space    used 15789K, committed 16384K, reserved 425984K
}
Event: 39.194 GC heap after
{Heap after GC invocations=61 (full 0):
 garbage-first heap   total 317440K, used 215909K [0x0000000080000000, 0x0000000100000000)
  region size 1024K, 7 young (7168K), 7 survivors (7168K)
 Metaspace       used 113810K, committed 115136K, reserved 557056K
  class space    used 15789K, committed 16384K, reserved 425984K
}
Event: 39.516 GC heap before
{Heap before GC invocations=61 (full 0):
 garbage-first heap   total 317440K, used 269157K [0x0000000080000000, 0x0000000100000000)
  region size 1024K, 60 young (61440K), 7 survivors (7168K)
 Metaspace       used 113906K, committed 115200K, reserved 557056K
  class space    used 15800K, committed 16384K, reserved 425984K
}
Event: 39.524 GC heap after
{Heap after GC invocations=62 (full 0):
 garbage-first heap   total 317440K, used 218109K [0x0000000080000000, 0x0000000100000000)
  region size 1024K, 5 young (5120K), 5 survivors (5120K)
 Metaspace       used 113906K, committed 115200K, reserved 557056K
  class space    used 15800K, committed 16384K, reserved 425984K
}
Event: 39.975 GC heap before
{Heap before GC invocations=62 (full 0):
 garbage-first heap   total 317440K, used 269309K [0x0000000080000000, 0x0000000100000000)
  region size 1024K, 56 young (57344K), 5 survivors (5120K)
 Metaspace       used 114067K, committed 115456K, reserved 557056K
  class space    used 15814K, committed 16448K, reserved 425984K
}
Event: 39.982 GC heap after
{Heap after GC invocations=63 (full 0):
 garbage-first heap   total 317440K, used 220054K [0x0000000080000000, 0x0000000100000000)
  region size 1024K, 5 young (5120K), 5 survivors (5120K)
 Metaspace       used 114067K, committed 115456K, reserved 557056K
  class space    used 15814K, committed 16448K, reserved 425984K
}
Event: 40.559 GC heap before
{Heap before GC invocations=63 (full 0):
 garbage-first heap   total 317440K, used 270230K [0x0000000080000000, 0x0000000100000000)
  region size 1024K, 55 young (56320K), 5 survivors (5120K)
 Metaspace       used 114266K, committed 115584K, reserved 557056K
  class space    used 15829K, committed 16448K, reserved 425984K
}
Event: 40.568 GC heap after
{Heap after GC invocations=64 (full 0):
 garbage-first heap   total 317440K, used 223524K [0x0000000080000000, 0x0000000100000000)
  region size 1024K, 5 young (5120K), 5 survivors (5120K)
 Metaspace       used 114266K, committed 115584K, reserved 557056K
  class space    used 15829K, committed 16448K, reserved 425984K
}
Event: 40.797 GC heap before
{Heap before GC invocations=64 (full 0):
 garbage-first heap   total 317440K, used 270628K [0x0000000080000000, 0x0000000100000000)
  region size 1024K, 52 young (53248K), 5 survivors (5120K)
 Metaspace       used 114269K, committed 115648K, reserved 557056K
  class space    used 15829K, committed 16448K, reserved 425984K
}
Event: 40.808 GC heap after
{Heap after GC invocations=65 (full 0):
 garbage-first heap   total 317440K, used 225742K [0x0000000080000000, 0x0000000100000000)
  region size 1024K, 4 young (4096K), 4 survivors (4096K)
 Metaspace       used 114269K, committed 115648K, reserved 557056K
  class space    used 15829K, committed 16448K, reserved 425984K
}
Event: 41.060 GC heap before
{Heap before GC invocations=65 (full 0):
 garbage-first heap   total 317440K, used 271822K [0x0000000080000000, 0x0000000100000000)
  region size 1024K, 50 young (51200K), 4 survivors (4096K)
 Metaspace       used 114326K, committed 115648K, reserved 557056K
  class space    used 15838K, committed 16448K, reserved 425984K
}
Event: 41.069 GC heap after
{Heap after GC invocations=66 (full 0):
 garbage-first heap   total 380928K, used 227029K [0x0000000080000000, 0x0000000100000000)
  region size 1024K, 5 young (5120K), 5 survivors (5120K)
 Metaspace       used 114326K, committed 115648K, reserved 557056K
  class space    used 15838K, committed 16448K, reserved 425984K
}

